[2026-03-30 09:37] === Ontology Sync Started ===
No sessions found for yesterday
[2026-03-30 11:59] === Meta→Ontology Sync Started ===
[2026-03-30 11:59] Found 5 project meta.md files
[2026-03-30 11:59] UPSERT proj_25_67725: rev 1 sent | Ford
[2026-03-30 11:59] UPSERT proj_25_71662: quoting | Ford (VOSS standards)
[2026-03-30 11:59] UPSERT proj_25_72313: quoting | Ford
[2026-03-30 11:59] UPSERT proj_25_72998: sent | MBUSI (Mercedes)
[2026-03-30 11:59] UPSERT proj_25_73050: mothballed | Stellantis
[2026-03-30 11:59] Meta→Ontology Sync: 5 upserted, 0 errors
[2026-03-30 11:59] === Meta→Ontology Sync Complete ===
[2026-03-30 12:00] === Meta→Ontology Sync Started ===
[2026-03-30 12:00] Found 5 project meta.md files
[2026-03-30 12:00] UPSERT proj_25_67725: sent | Ford
[2026-03-30 12:00] UPSERT proj_25_71662: quoting | Ford (VOSS standards)
[2026-03-30 12:00] UPSERT proj_25_72313: quoting | Ford
[2026-03-30 12:00] UPSERT proj_25_72998: sent | MBUSI (Mercedes)
[2026-03-30 12:00] UPSERT proj_25_73050: mothballed | Stellantis
[2026-03-30 12:00] Meta→Ontology Sync: 5 upserted, 0 errors
[2026-03-30 12:00] === Meta→Ontology Sync Complete ===
[2026-03-30 12:18] === Meta→Ontology Sync Started ===
[2026-03-30 12:18] Found 5 project meta.md files
[2026-03-30 12:18] UPSERT proj_25_67725: sent | Ford
[2026-03-30 12:18] UPSERT proj_25_71662: quoting | Ford (VOSS standards)
[2026-03-30 12:18] UPSERT proj_25_72313: quoting | Ford
[2026-03-30 12:18] UPSERT proj_25_72998: sent | MBUSI (Mercedes)
[2026-03-30 12:18] UPSERT proj_25_73050: mothballed | Stellantis
[2026-03-30 12:18] Meta→Ontology Sync: 5 upserted, 0 errors
[2026-03-30 12:18] === Meta→Ontology Sync Complete ===
[2026-03-30 12:47] === Meta→Ontology Sync Started ===
[2026-03-30 12:47] Found 6 project meta.md files
[2026-03-30 12:47] UPSERT proj_25_67725: sent | Ford
[2026-03-30 12:47] UPSERT proj_25_71662: quoting | Ford (VOSS standards)
[2026-03-30 12:47] UPSERT proj_25_72313: quoting | Ford
[2026-03-30 12:47] UPSERT proj_25_72998: sent | MBUSI (Mercedes)
[2026-03-30 12:47] UPSERT proj_25_73050: mothballed | Stellantis
[2026-03-30 12:47] UPSERT proj_25_73287: quoting | MBUSI
[2026-03-30 12:47] Meta→Ontology Sync: 6 upserted, 0 errors
[2026-03-30 12:47] === Meta→Ontology Sync Complete ===
[2026-03-30 13:26] === Meta→Ontology Sync Started ===
[2026-03-30 13:26] Found 6 project meta.md files
[2026-03-30 13:26] UPSERT proj_25_67725: quoting | Ford
[2026-03-30 13:26] UPSERT proj_25_71662: quoting | Ford (VOSS standards)
[2026-03-30 13:26] UPSERT proj_25_72313: quoting | Ford
[2026-03-30 13:26] UPSERT proj_25_72998: sent | MBUSI (Mercedes)
[2026-03-30 13:26] UPSERT proj_25_73050: mothballed | Stellantis
[2026-03-30 13:26] UPSERT proj_25_73287: quoting | MBUSI
[2026-03-30 13:26] Meta→Ontology Sync: 6 upserted, 0 errors
[2026-03-30 13:26] === Meta→Ontology Sync Complete ===
[2026-03-30 14:03] === Meta→Ontology Sync Started ===
[2026-03-30 14:03] Found 6 project meta.md files
[2026-03-30 14:03] UPSERT proj_25_67725: quoting | Ford
[2026-03-30 14:03] UPSERT proj_25_71662: quoting | Ford (VOSS standards)
[2026-03-30 14:03] UPSERT proj_25_72313: quoting | Ford
[2026-03-30 14:03] UPSERT proj_25_72998: sent | MBUSI (Mercedes)
[2026-03-30 14:03] UPSERT proj_25_73050: mothballed | Stellantis
[2026-03-30 14:03] UPSERT proj_25_73287: quoting | MBUSI
[2026-03-30 14:03] Meta→Ontology Sync: 6 upserted, 0 errors
[2026-03-30 14:03] === Meta→Ontology Sync Complete ===
[2026-03-30 14:06] === Meta→Ontology Sync Started ===
[2026-03-30 14:06] Found 7 project meta.md files
[2026-03-30 14:06] UPSERT proj_24_68775: quoting | Metalsa
[2026-03-30 14:06] UPSERT proj_25_67725: quoting | Ford
[2026-03-30 14:06] UPSERT proj_25_71662: quoting | Ford (VOSS standards)
[2026-03-30 14:06] UPSERT proj_25_72313: quoting | Ford
[2026-03-30 14:06] UPSERT proj_25_72998: sent | MBUSI (Mercedes)
[2026-03-30 14:06] UPSERT proj_25_73050: mothballed | Stellantis
[2026-03-30 14:06] UPSERT proj_25_73287: quoting | MBUSI
[2026-03-30 14:06] Meta→Ontology Sync: 7 upserted, 0 errors
[2026-03-30 14:06] === Meta→Ontology Sync Complete ===
[2026-03-31 06:04] === Ontology Sync Started ===
No sessions found for yesterday
[2026-03-31 08:02] === Meta→Ontology Sync Started ===
[2026-03-31 08:02] Found 7 project meta.md files
[2026-03-31 08:02] UPSERT proj_24_68775: quoting | Metalsa
[2026-03-31 08:02] UPSERT proj_25_67725: quoting | Ford
[2026-03-31 08:02] UPSERT proj_25_71662: quoting | Ford (VOSS standards)
[2026-03-31 08:02] UPSERT proj_25_72313: quoting | Ford
[2026-03-31 08:02] UPSERT proj_25_72998: sent | MBUSI (Mercedes)
[2026-03-31 08:02] UPSERT proj_25_73050: mothballed | Stellantis
[2026-03-31 08:02] UPSERT proj_25_73287: quoting | MBUSI
[2026-03-31 08:02] Meta→Ontology Sync: 7 upserted, 0 errors
SYNC: 7 upserted, 0 errors
[2026-03-31 08:02] === Meta→Ontology Sync Complete ===
[2026-03-31 08:51] === Meta→Ontology Sync Started ===
[2026-03-31 08:51] Found 7 project meta.md files
[2026-03-31 08:51] UPSERT proj_24_68775: quoting | Metalsa
[2026-03-31 08:51] UPSERT proj_25_67725: quoting | Ford
[2026-03-31 08:51] UPSERT proj_25_71662: quoting | Ford (VOSS standards)
[2026-03-31 08:51] UPSERT proj_25_72313: quoting | Ford
[2026-03-31 08:51] UPSERT proj_25_72998: sent | MBUSI (Mercedes)
[2026-03-31 08:51] UPSERT proj_25_73050: mothballed | Stellantis
[2026-03-31 08:51] UPSERT proj_25_73287: quoting | MBUSI
[2026-03-31 08:51] Meta→Ontology Sync: 7 upserted, 0 errors
SYNC: 7 upserted, 0 errors
[2026-03-31 08:51] === Meta→Ontology Sync Complete ===
[2026-03-31 09:47] === Meta→Ontology Sync Started ===
[2026-03-31 09:47] Found 7 project meta.md files
[2026-03-31 09:47] UPSERT proj_24_68775: quoting | Metalsa
[2026-03-31 09:47] UPSERT proj_25_67725: quoting | Ford
[2026-03-31 09:47] UPSERT proj_25_71662: quoting | Ford (VOSS standards)
[2026-03-31 09:47] UPSERT proj_25_72313: quoting | Ford
[2026-03-31 09:47] UPSERT proj_25_72998: sent | MBUSI (Mercedes)
[2026-03-31 09:47] UPSERT proj_25_73050: mothballed | Stellantis
[2026-03-31 09:47] UPSERT proj_25_73287: quoting | MBUSI
[2026-03-31 09:47] Meta→Ontology Sync: 7 upserted, 0 errors
SYNC: 7 upserted, 0 errors
[2026-03-31 09:47] === Meta→Ontology Sync Complete ===
[2026-03-31 09:47] === Meta→Ontology Sync Started ===
[2026-03-31 09:47] Found 7 project meta.md files
[2026-03-31 09:47] UPSERT proj_24_68775: quoting | Metalsa
[2026-03-31 09:47] UPSERT proj_25_67725: quoting | Ford
[2026-03-31 09:47] UPSERT proj_25_71662: quoting | Ford (VOSS standards)
[2026-03-31 09:47] UPSERT proj_25_72313: quoting | Ford
[2026-03-31 09:47] UPSERT proj_25_72998: sent | MBUSI (Mercedes)
[2026-03-31 09:47] UPSERT proj_25_73050: mothballed | Stellantis
[2026-03-31 09:47] UPSERT proj_25_73287: quoting | MBUSI
[2026-03-31 09:47] Meta→Ontology Sync: 7 upserted, 0 errors
SYNC: 7 upserted, 0 errors
[2026-03-31 09:47] === Meta→Ontology Sync Complete ===
[2026-03-31 12:00] === Meta→Ontology Sync Started ===
[2026-03-31 12:00] Found 7 project meta.md files
[2026-03-31 12:00] UPSERT proj_24_68775: quoting | Metalsa
[2026-03-31 12:00] UPSERT proj_25_67725: quoting | Ford
[2026-03-31 12:00] UPSERT proj_25_71662: quoting | Ford (VOSS standards)
[2026-03-31 12:00] UPSERT proj_25_72313: quoting | Ford
[2026-03-31 12:00] UPSERT proj_25_72998: sent | MBUSI (Mercedes)
[2026-03-31 12:00] UPSERT proj_25_73050: mothballed | Stellantis
[2026-03-31 12:00] UPSERT proj_25_73287: quoting | MBUSI
[2026-03-31 12:00] Meta→Ontology Sync: 7 upserted, 0 errors
SYNC: 7 upserted, 0 errors
[2026-03-31 12:00] === Meta→Ontology Sync Complete ===
[2026-03-31 12:28] === Meta→Ontology Sync Started ===
[2026-03-31 12:28] Found 7 project meta.md files
[2026-03-31 12:28] UPSERT proj_24_68775: quoting | Metalsa
[2026-03-31 12:28] UPSERT proj_25_67725: quoting | Ford
[2026-03-31 12:28] UPSERT proj_25_71662: quoting | Ford (VOSS standards)
[2026-03-31 12:28] UPSERT proj_25_72313: quoting | Ford
[2026-03-31 12:28] UPSERT proj_25_72998: sent | MBUSI (Mercedes)
[2026-03-31 12:28] UPSERT proj_25_73050: mothballed | Stellantis
[2026-03-31 12:28] UPSERT proj_25_73287: quoting | MBUSI
[2026-03-31 12:28] Meta→Ontology Sync: 7 upserted, 0 errors
SYNC: 7 upserted, 0 errors
[2026-03-31 12:28] === Meta→Ontology Sync Complete ===
[2026-03-31 12:30] === Meta→Ontology Sync Started ===
[2026-03-31 12:30] Found 7 project meta.md files
[2026-03-31 12:30] UPSERT proj_24_68775: quoting | Metalsa
[2026-03-31 12:30] UPSERT proj_25_67725: quoting | Ford
[2026-03-31 12:30] UPSERT proj_25_71662: quoting | Ford (VOSS standards)
[2026-03-31 12:30] UPSERT proj_25_72313: quoting | Ford
[2026-03-31 12:30] UPSERT proj_25_72998: sent | MBUSI (Mercedes)
[2026-03-31 12:30] UPSERT proj_25_73050: mothballed | Stellantis
[2026-03-31 12:30] UPSERT proj_25_73287: quoting | MBUSI
[2026-03-31 12:30] Meta→Ontology Sync: 7 upserted, 0 errors
SYNC: 7 upserted, 0 errors
[2026-03-31 12:30] === Meta→Ontology Sync Complete ===
[2026-04-01 08:04] === Meta→Ontology Sync Started ===
[2026-04-01 08:04] Found 7 project meta.md files
[2026-04-01 08:04] ERROR proj_24_68775: python3: can't open file '/home/nathan/.openclaw/workspace/skills/ontology/scripts/ontology.py': [Errno 2] No such file or directory
[2026-04-01 08:04] ERROR proj_25_67725: python3: can't open file '/home/nathan/.openclaw/workspace/skills/ontology/scripts/ontology.py': [Errno 2] No such file or directory
[2026-04-01 08:04] ERROR proj_25_71662: python3: can't open file '/home/nathan/.openclaw/workspace/skills/ontology/scripts/ontology.py': [Errno 2] No such file or directory
[2026-04-01 08:04] ERROR proj_25_72313: python3: can't open file '/home/nathan/.openclaw/workspace/skills/ontology/scripts/ontology.py': [Errno 2] No such file or directory
[2026-04-01 08:04] ERROR proj_25_72998: python3: can't open file '/home/nathan/.openclaw/workspace/skills/ontology/scripts/ontology.py': [Errno 2] No such file or directory
[2026-04-01 08:04] ERROR proj_25_73050: python3: can't open file '/home/nathan/.openclaw/workspace/skills/ontology/scripts/ontology.py': [Errno 2] No such file or directory
[2026-04-01 08:04] ERROR proj_25_73287: python3: can't open file '/home/nathan/.openclaw/workspace/skills/ontology/scripts/ontology.py': [Errno 2] No such file or directory
[2026-04-01 08:04] Meta→Ontology Sync: 0 upserted, 7 errors
SYNC: 0 upserted, 7 errors
[2026-04-01 08:04] === Meta→Ontology Sync Complete ===
[2026-04-01 08:38] === Meta→Ontology Sync Started ===
[2026-04-01 08:38] Found 7 project meta.md files
[2026-04-01 08:38] ERROR proj_24_68775: python3: can't open file '/home/nathan/.openclaw/workspace/skills/ontology/scripts/ontology.py': [Errno 2] No such file or directory
[2026-04-01 08:38] ERROR proj_25_67725: python3: can't open file '/home/nathan/.openclaw/workspace/skills/ontology/scripts/ontology.py': [Errno 2] No such file or directory
[2026-04-01 08:38] ERROR proj_25_71662: python3: can't open file '/home/nathan/.openclaw/workspace/skills/ontology/scripts/ontology.py': [Errno 2] No such file or directory
[2026-04-01 08:38] ERROR proj_25_72313: python3: can't open file '/home/nathan/.openclaw/workspace/skills/ontology/scripts/ontology.py': [Errno 2] No such file or directory
[2026-04-01 08:38] ERROR proj_25_72998: python3: can't open file '/home/nathan/.openclaw/workspace/skills/ontology/scripts/ontology.py': [Errno 2] No such file or directory
[2026-04-01 08:38] ERROR proj_25_73050: python3: can't open file '/home/nathan/.openclaw/workspace/skills/ontology/scripts/ontology.py': [Errno 2] No such file or directory
[2026-04-01 08:38] ERROR proj_25_73287: python3: can't open file '/home/nathan/.openclaw/workspace/skills/ontology/scripts/ontology.py': [Errno 2] No such file or directory
[2026-04-01 08:38] Meta→Ontology Sync: 0 upserted, 7 errors
SYNC: 0 upserted, 7 errors
[2026-04-01 08:38] === Meta→Ontology Sync Complete ===
[2026-04-01 08:58] === Meta→Ontology Sync Started ===
[2026-04-01 08:58] Found 7 project meta.md files
[2026-04-01 08:58] ERROR proj_24_68775: python3: can't open file '/home/nathan/.openclaw/workspace/skills/ontology/scripts/ontology.py': [Errno 2] No such file or directory
[2026-04-01 08:58] ERROR proj_25_67725: python3: can't open file '/home/nathan/.openclaw/workspace/skills/ontology/scripts/ontology.py': [Errno 2] No such file or directory
[2026-04-01 08:58] ERROR proj_25_71662: python3: can't open file '/home/nathan/.openclaw/workspace/skills/ontology/scripts/ontology.py': [Errno 2] No such file or directory
[2026-04-01 08:58] ERROR proj_25_72313: python3: can't open file '/home/nathan/.openclaw/workspace/skills/ontology/scripts/ontology.py': [Errno 2] No such file or directory
[2026-04-01 08:58] ERROR proj_25_72998: python3: can't open file '/home/nathan/.openclaw/workspace/skills/ontology/scripts/ontology.py': [Errno 2] No such file or directory
[2026-04-01 08:58] ERROR proj_25_73050: python3: can't open file '/home/nathan/.openclaw/workspace/skills/ontology/scripts/ontology.py': [Errno 2] No such file or directory
[2026-04-01 08:58] ERROR proj_25_73287: python3: can't open file '/home/nathan/.openclaw/workspace/skills/ontology/scripts/ontology.py': [Errno 2] No such file or directory
[2026-04-01 08:58] Meta→Ontology Sync: 0 upserted, 7 errors
SYNC: 0 upserted, 7 errors
[2026-04-01 08:58] === Meta→Ontology Sync Complete ===
[2026-04-01 09:27] === Ontology Sync Started ===
No sessions found for yesterday
[2026-04-01 09:28] === Ontology Sync Started ===
No sessions found for yesterday
[2026-04-01 10:55] === Ontology Sync Started ===
No sessions found for yesterday
[2026-04-01 10:55] === Ontology Sync Started ===
No sessions found for yesterday
[2026-04-01 10:58] === Meta→Ontology Sync Started ===
[2026-04-01 10:58] Found 7 project meta.md files
[2026-04-01 10:58] UPSERT proj_24_68775: quoting | Metalsa
[2026-04-01 10:58] UPSERT proj_25_67725: quoting | Ford
[2026-04-01 10:58] UPSERT proj_25_71662: quoting | Ford (VOSS standards)
[2026-04-01 10:58] UPSERT proj_25_72313: quoting | Ford
[2026-04-01 10:58] UPSERT proj_25_72998: sent | MBUSI (Mercedes)
[2026-04-01 10:58] UPSERT proj_25_73050: mothballed | Stellantis
[2026-04-01 10:58] UPSERT proj_25_73287: quoting | MBUSI
[2026-04-01 10:58] Meta→Ontology Sync: 7 upserted, 0 errors
[2026-04-01 10:58] === Meta→Ontology Sync Complete ===
[2026-04-01 11:13] === Meta→Ontology Sync Started ===
[2026-04-01 11:13] Found 7 project meta.md files
[2026-04-01 11:13] UPSERT proj_24_68775: quoting | Metalsa
[2026-04-01 11:13] UPSERT proj_25_67725: quoting | Ford
[2026-04-01 11:13] UPSERT proj_25_71662: quoting | Ford (VOSS standards)
[2026-04-01 11:13] UPSERT proj_25_72313: quoting | Ford
[2026-04-01 11:13] UPSERT proj_25_72998: sent | MBUSI (Mercedes)
[2026-04-01 11:13] UPSERT proj_25_73050: mothballed | Stellantis
[2026-04-01 11:13] UPSERT proj_25_73287: quoting | MBUSI
[2026-04-01 11:13] Meta→Ontology Sync: 7 upserted, 0 errors
SYNC: 7 upserted, 0 errors
[2026-04-01 11:13] === Meta→Ontology Sync Complete ===
[2026-04-01 11:29] === Meta→Ontology Sync Started ===
[2026-04-01 11:29] Found 7 project meta.md files
[2026-04-01 11:29] UPSERT proj_24_68775: quoting | Metalsa
[2026-04-01 11:29] UPSERT proj_25_67725: quoting | Ford
[2026-04-01 11:29] UPSERT proj_25_71662: quoting | Ford (VOSS standards)
[2026-04-01 11:29] UPSERT proj_25_72313: quoting | Ford
[2026-04-01 11:29] UPSERT proj_25_72998: sent | MBUSI (Mercedes)
[2026-04-01 11:29] UPSERT proj_25_73050: mothballed | Stellantis
[2026-04-01 11:29] UPSERT proj_25_73287: quoting | MBUSI
[2026-04-01 11:29] Meta→Ontology Sync: 7 upserted, 0 errors
SYNC: 7 upserted, 0 errors
[2026-04-01 11:29] === Meta→Ontology Sync Complete ===
[2026-04-01 11:31] === Meta→Ontology Sync Started ===
[2026-04-01 11:31] Found 7 project meta.md files
[2026-04-01 11:31] UPSERT proj_24_68775: quoting | Metalsa
[2026-04-01 11:31] UPSERT proj_25_67725: quoting | Ford
[2026-04-01 11:31] UPSERT proj_25_71662: quoting | Ford (VOSS standards)
[2026-04-01 11:31] UPSERT proj_25_72313: quoting | Ford
[2026-04-01 11:31] UPSERT proj_25_72998: sent | MBUSI (Mercedes)
[2026-04-01 11:31] UPSERT proj_25_73050: mothballed | Stellantis
[2026-04-01 11:31] UPSERT proj_25_73287: quoting | MBUSI
[2026-04-01 11:31] Meta→Ontology Sync: 7 upserted, 0 errors
SYNC: 7 upserted, 0 errors
[2026-04-01 11:31] === Meta→Ontology Sync Complete ===
[2026-04-01 11:38] === Meta→Ontology Sync Started ===
[2026-04-01 11:38] Found 7 project meta.md files
[2026-04-01 11:38] UPSERT proj_24_68775: quoting | Metalsa
[2026-04-01 11:38] UPSERT proj_25_67725: quoting | Ford
[2026-04-01 11:38] UPSERT proj_25_71662: quoting | Ford (VOSS standards)
[2026-04-01 11:38] UPSERT proj_25_72313: quoting | Ford
[2026-04-01 11:38] UPSERT proj_25_72998: sent | MBUSI (Mercedes)
[2026-04-01 11:38] UPSERT proj_25_73050: mothballed | Stellantis
[2026-04-01 11:38] UPSERT proj_25_73287: quoting | MBUSI
[2026-04-01 11:38] Meta→Ontology Sync: 7 upserted, 0 errors
SYNC: 7 upserted, 0 errors
[2026-04-01 11:38] === Meta→Ontology Sync Complete ===
[2026-04-01 12:00] === Meta→Ontology Sync Started ===
[2026-04-01 12:00] Found 7 project meta.md files
[2026-04-01 12:00] UPSERT proj_24_68775: quoting | Metalsa
[2026-04-01 12:00] UPSERT proj_25_67725: quoting | Ford
[2026-04-01 12:00] UPSERT proj_25_71662: quoting | Ford (VOSS standards)
[2026-04-01 12:00] UPSERT proj_25_72313: quoting | Ford
[2026-04-01 12:00] UPSERT proj_25_72998: sent | MBUSI (Mercedes)
[2026-04-01 12:00] UPSERT proj_25_73050: mothballed | Stellantis
[2026-04-01 12:00] UPSERT proj_25_73287: quoting | MBUSI
[2026-04-01 12:00] Meta→Ontology Sync: 7 upserted, 0 errors
SYNC: 7 upserted, 0 errors
[2026-04-01 12:00] === Meta→Ontology Sync Complete ===
[2026-04-01 12:54] === Ontology Sync Started ===
No sessions found for yesterday
[2026-04-02 07:00] === Meta→Ontology Sync Started ===
[2026-04-02 07:00] Found 9 project meta.md files
[2026-04-02 07:00] UPSERT proj_24_68775: quoting | Metalsa
[2026-04-02 07:00] UPSERT proj_25_67725: quoting | Ford
[2026-04-02 07:00] UPSERT proj_25_71662: quoting | Ford (VOSS standards)
[2026-04-02 07:00] UPSERT proj_25_72313: quoting | Ford
[2026-04-02 07:00] UPSERT proj_25_72998: sent | MBUSI (Mercedes)
[2026-04-02 07:00] UPSERT proj_25_73050: mothballed | Stellantis
[2026-04-02 07:00] UPSERT proj_25_73287: quoting | MBUSI
[2026-04-02 07:00] UPSERT proj_25_73403: rev | Ford
[2026-04-02 07:00] UPSERT proj_26_73415: rev | Tesla
[2026-04-02 07:00] Meta→Ontology Sync: 9 upserted, 0 errors
SYNC: 9 upserted, 0 errors
[2026-04-02 07:00] === Meta→Ontology Sync Complete ===
[2026-04-02 07:41] === Ontology Sync Started ===
No sessions found for yesterday
[2026-04-02 07:52] === Meta→Ontology Sync Started ===
[2026-04-02 07:52] Found 9 project meta.md files
[2026-04-02 07:52] UPSERT proj_24_68775: quoting | Metalsa
[2026-04-02 07:52] UPSERT proj_25_67725: quoting | Ford
[2026-04-02 07:52] UPSERT proj_25_71662: quoting | Ford (VOSS standards)
[2026-04-02 07:52] UPSERT proj_25_72313: quoting | Ford
[2026-04-02 07:52] UPSERT proj_25_72998: sent | MBUSI (Mercedes)
[2026-04-02 07:52] UPSERT proj_25_73050: mothballed | Stellantis
[2026-04-02 07:52] UPSERT proj_25_73287: quoting | MBUSI
[2026-04-02 07:52] UPSERT proj_25_73403: rev | Ford
[2026-04-02 07:52] UPSERT proj_26_73415: rev | Tesla
[2026-04-02 07:52] Meta→Ontology Sync: 9 upserted, 0 errors
SYNC: 9 upserted, 0 errors
[2026-04-02 07:52] === Meta→Ontology Sync Complete ===
[2026-04-02 07:57] === Meta→Ontology Sync Started ===
[2026-04-02 07:57] Found 9 project meta.md files
[2026-04-02 07:57] UPSERT proj_24_68775: quoting | Metalsa
[2026-04-02 07:57] UPSERT proj_25_67725: quoting | Ford
[2026-04-02 07:57] UPSERT proj_25_71662: quoting | Ford (VOSS standards)
[2026-04-02 07:57] UPSERT proj_25_72313: quoting | Ford
[2026-04-02 07:57] UPSERT proj_25_72998: sent | MBUSI (Mercedes)
[2026-04-02 07:57] UPSERT proj_25_73050: mothballed | Stellantis
[2026-04-02 07:57] UPSERT proj_25_73287: quoting | MBUSI
[2026-04-02 07:57] UPSERT proj_25_73403: rev | Ford
[2026-04-02 07:57] UPSERT proj_26_73415: rev | Tesla
[2026-04-02 07:57] Meta→Ontology Sync: 9 upserted, 0 errors
SYNC: 9 upserted, 0 errors
[2026-04-02 07:57] === Meta→Ontology Sync Complete ===
[2026-04-02 08:33] === Meta→Ontology Sync Started ===
[2026-04-02 08:33] Found 9 project meta.md files
[2026-04-02 08:33] UPSERT proj_24_68775: quoting | Metalsa
[2026-04-02 08:33] UPSERT proj_25_67725: quoting | Ford
[2026-04-02 08:33] UPSERT proj_25_71662: quoting | Ford (VOSS standards)
[2026-04-02 08:33] UPSERT proj_25_72313: quoting | Ford
[2026-04-02 08:33] UPSERT proj_25_72998: sent | MBUSI (Mercedes)
[2026-04-02 08:33] UPSERT proj_25_73050: mothballed | Stellantis
[2026-04-02 08:33] UPSERT proj_25_73287: quoting | MBUSI
[2026-04-02 08:33] UPSERT proj_25_73403: quoting | Ford
[2026-04-02 08:33] UPSERT proj_26_73415: quoting | Tesla
[2026-04-02 08:33] Meta→Ontology Sync: 9 upserted, 0 errors
SYNC: 9 upserted, 0 errors
[2026-04-02 08:33] === Meta→Ontology Sync Complete ===
[2026-04-02 11:23] === Meta→Ontology Sync Started ===
[2026-04-02 11:23] Found 9 project meta.md files
[2026-04-02 11:23] UPSERT proj_24_68775: quoting | Metalsa
[2026-04-02 11:23] UPSERT proj_25_67725: quoting | Ford
[2026-04-02 11:23] UPSERT proj_25_71662: quoting | Ford (VOSS standards)
[2026-04-02 11:23] UPSERT proj_25_72313: quoting | Ford
[2026-04-02 11:23] UPSERT proj_25_72998: quoting | ?
[2026-04-02 11:23] UPSERT proj_25_73050: mothballed | Stellantis
[2026-04-02 11:23] UPSERT proj_25_73287: quoting | MBUSI
[2026-04-02 11:23] UPSERT proj_25_73403: quoting | Ford
[2026-04-02 11:23] UPSERT proj_26_73415: quoting | Tesla
[2026-04-02 11:23] Meta→Ontology Sync: 9 upserted, 0 errors
SYNC: 9 upserted, 0 errors
[2026-04-02 11:23] === Meta→Ontology Sync Complete ===
[2026-04-02 11:23] === Meta→Ontology Sync Started ===
[2026-04-02 11:23] Found 9 project meta.md files
[2026-04-02 11:23] UPSERT proj_24_68775: quoting | Metalsa
[2026-04-02 11:23] UPSERT proj_25_67725: quoting | Ford
[2026-04-02 11:23] UPSERT proj_25_71662: quoting | Ford (VOSS standards)
[2026-04-02 11:23] UPSERT proj_25_72313: quoting | Ford
[2026-04-02 11:23] UPSERT proj_25_72998: quoting | ?
[2026-04-02 11:23] UPSERT proj_25_73050: mothballed | Stellantis
[2026-04-02 11:23] UPSERT proj_25_73287: quoting | MBUSI
[2026-04-02 11:23] UPSERT proj_25_73403: quoting | Ford
[2026-04-02 11:23] UPSERT proj_26_73415: quoting | Tesla
[2026-04-02 11:23] Meta→Ontology Sync: 9 upserted, 0 errors
SYNC: 9 upserted, 0 errors
[2026-04-02 11:23] === Meta→Ontology Sync Complete ===
[2026-04-02 11:37] === Meta→Ontology Sync Started ===
[2026-04-02 11:37] Found 9 project meta.md files
[2026-04-02 11:37] UPSERT proj_24_68775: quoting | Metalsa
[2026-04-02 11:37] UPSERT proj_25_67725: quoting | Ford
[2026-04-02 11:37] UPSERT proj_25_71662: quoting | Ford (VOSS standards)
[2026-04-02 11:37] UPSERT proj_25_72313: quoting | Ford
[2026-04-02 11:37] UPSERT proj_25_72998: quoting | ?
[2026-04-02 11:37] UPSERT proj_25_73050: mothballed | Stellantis
[2026-04-02 11:37] UPSERT proj_25_73287: quoting | MBUSI
[2026-04-02 11:37] UPSERT proj_25_73403: quoting | Ford
[2026-04-02 11:37] UPSERT proj_26_73415: quoting | Tesla
[2026-04-02 11:37] Meta→Ontology Sync: 9 upserted, 0 errors
SYNC: 9 upserted, 0 errors
[2026-04-02 11:37] === Meta→Ontology Sync Complete ===
[2026-04-02 11:38] === Meta→Ontology Sync Started ===
[2026-04-02 11:38] Found 9 project meta.md files
[2026-04-02 11:38] UPSERT proj_24_68775: quoting | Metalsa
[2026-04-02 11:38] UPSERT proj_25_67725: quoting | Ford
[2026-04-02 11:38] UPSERT proj_25_71662: quoting | Ford (VOSS standards)
[2026-04-02 11:38] UPSERT proj_25_72313: quoting | Ford
[2026-04-02 11:38] UPSERT proj_25_72998: quoting | ?
[2026-04-02 11:38] UPSERT proj_25_73050: mothballed | Stellantis
[2026-04-02 11:38] UPSERT proj_25_73287: quoting | MBUSI
[2026-04-02 11:38] UPSERT proj_25_73403: quoting | Ford
[2026-04-02 11:38] UPSERT proj_26_73415: quoting | Tesla
[2026-04-02 11:38] Meta→Ontology Sync: 9 upserted, 0 errors
SYNC: 9 upserted, 0 errors
[2026-04-02 11:38] === Meta→Ontology Sync Complete ===
[2026-04-02 11:38] === Meta→Ontology Sync Started ===
[2026-04-02 11:38] Found 9 project meta.md files
[2026-04-02 11:38] UPSERT proj_24_68775: quoting | Metalsa
[2026-04-02 11:38] UPSERT proj_25_67725: quoting | Ford
[2026-04-02 11:38] UPSERT proj_25_71662: quoting | Ford (VOSS standards)
[2026-04-02 11:38] UPSERT proj_25_72313: quoting | Ford
[2026-04-02 11:38] UPSERT proj_25_72998: quoting | ?
[2026-04-02 11:38] UPSERT proj_25_73050: mothballed | Stellantis
[2026-04-02 11:38] UPSERT proj_25_73287: quoting | MBUSI
[2026-04-02 11:38] UPSERT proj_25_73403: quoting | Ford
[2026-04-02 11:38] UPSERT proj_26_73415: quoting | Tesla
[2026-04-02 11:38] Meta→Ontology Sync: 9 upserted, 0 errors
SYNC: 9 upserted, 0 errors
[2026-04-02 11:38] === Meta→Ontology Sync Complete ===
[2026-04-02 12:00] === Meta→Ontology Sync Started ===
[2026-04-02 12:00] Found 9 project meta.md files
[2026-04-02 12:00] UPSERT proj_24_68775: quoting | Metalsa
[2026-04-02 12:00] UPSERT proj_25_67725: quoting | Ford
[2026-04-02 12:00] UPSERT proj_25_71662: quoting | Ford (VOSS standards)
[2026-04-02 12:00] UPSERT proj_25_72313: quoting | Ford
[2026-04-02 12:00] UPSERT proj_25_72998: quoting | ?
[2026-04-02 12:00] UPSERT proj_25_73050: mothballed | Stellantis
[2026-04-02 12:00] UPSERT proj_25_73287: quoting | MBUSI
[2026-04-02 12:00] UPSERT proj_25_73403: quoting | Ford
[2026-04-02 12:00] UPSERT proj_26_73415: quoting | Tesla
[2026-04-02 12:00] Meta→Ontology Sync: 9 upserted, 0 errors
SYNC: 9 upserted, 0 errors
[2026-04-02 12:00] === Meta→Ontology Sync Complete ===
[2026-04-02 23:01] === Ontology Sync Started ===
No sessions found for yesterday
[2026-04-03 07:00] === Meta→Ontology Sync Started ===
[2026-04-03 07:00] Found 9 project meta.md files
[2026-04-03 07:00] UPSERT proj_24_68775: quoting | Metalsa
[2026-04-03 07:00] UPSERT proj_25_67725: quoting | Ford
[2026-04-03 07:00] UPSERT proj_25_71662: quoting | Ford (VOSS standards)
[2026-04-03 07:00] UPSERT proj_25_72313: quoting | Ford
[2026-04-03 07:00] UPSERT proj_25_72998: quoting | ?
[2026-04-03 07:00] UPSERT proj_25_73050: mothballed | Stellantis
[2026-04-03 07:00] UPSERT proj_25_73287: quoting | MBUSI
[2026-04-03 07:00] UPSERT proj_25_73403: quoting | Ford
[2026-04-03 07:00] UPSERT proj_26_73415: quoting | Tesla
[2026-04-03 07:00] Meta→Ontology Sync: 9 upserted, 0 errors
SYNC: 9 upserted, 0 errors
[2026-04-03 07:00] === Meta→Ontology Sync Complete ===
[2026-04-03 07:58] === Ontology Sync Started ===
No sessions found for yesterday
[2026-04-03 08:35] === Meta→Ontology Sync Started ===
[2026-04-03 08:35] Found 9 project meta.md files
[2026-04-03 08:35] UPSERT proj_24_68775: quoting | Metalsa
[2026-04-03 08:35] UPSERT proj_25_67725: quoting | Ford
[2026-04-03 08:35] UPSERT proj_25_71662: quoting | Ford (VOSS standards)
[2026-04-03 08:35] UPSERT proj_25_72313: quoting | Ford
[2026-04-03 08:35] UPSERT proj_25_72998: quoting | ?
[2026-04-03 08:35] UPSERT proj_25_73050: mothballed | Stellantis
[2026-04-03 08:35] UPSERT proj_25_73287: quoting | MBUSI
[2026-04-03 08:35] UPSERT proj_25_73403: quoting | Ford
[2026-04-03 08:35] UPSERT proj_26_73415: quoting | Tesla
[2026-04-03 08:35] Meta→Ontology Sync: 9 upserted, 0 errors
SYNC: 9 upserted, 0 errors
[2026-04-03 08:35] === Meta→Ontology Sync Complete ===
[2026-04-03 12:00] === Meta→Ontology Sync Started ===
[2026-04-03 12:00] Found 9 project meta.md files
[2026-04-03 12:00] UPSERT proj_24_68775: quoting | Metalsa
[2026-04-03 12:00] UPSERT proj_25_67725: quoting | Ford
[2026-04-03 12:00] UPSERT proj_25_71662: quoting | Ford (VOSS standards)
[2026-04-03 12:00] UPSERT proj_25_72313: quoting | Ford
[2026-04-03 12:00] UPSERT proj_25_72998: quoting | ?
[2026-04-03 12:00] UPSERT proj_25_73050: mothballed | Stellantis
[2026-04-03 12:00] UPSERT proj_25_73287: quoting | MBUSI
[2026-04-03 12:00] UPSERT proj_25_73403: quoting | Ford
[2026-04-03 12:00] UPSERT proj_26_73415: quoting | Tesla
[2026-04-03 12:00] Meta→Ontology Sync: 9 upserted, 0 errors
SYNC: 9 upserted, 0 errors
[2026-04-03 12:00] === Meta→Ontology Sync Complete ===
[2026-04-03 23:01] === Ontology Sync Started ===
No sessions found for yesterday
[2026-04-06 06:05] === Ontology Sync Started ===
No sessions found for yesterday
